Classic Timing Analyzer report for latchD
Mon Apr 18 01:18:19 2011
Quartus II Version 9.1 Build 350 03/24/2010 Service Pack 2 SJ Web Edition


---------------------
; Table of Contents ;
---------------------
  1. Legal Notice
  2. Timing Analyzer Summary
  3. Timing Analyzer Settings
  4. Clock Settings Summary
  5. Parallel Compilation
  6. tsu
  7. tco
  8. th
  9. Timing Analyzer Messages



----------------
; Legal Notice ;
----------------
Copyright (C) 1991-2010 Altera Corporation
Your use of Altera Corporation's design tools, logic functions 
and other software and tools, and its AMPP partner logic 
functions, and any output files from any of the foregoing 
(including device programming or simulation files), and any 
associated documentation or information are expressly subject 
to the terms and conditions of the Altera Program License 
Subscription Agreement, Altera MegaCore Function License 
Agreement, or other applicable license agreement, including, 
without limitation, that your use is for the sole purpose of 
programming logic devices manufactured by Altera and sold by 
Altera or its authorized distributors.  Please refer to the 
applicable agreement for further details.



+-------------------------------------------------------------------------------------------------------------------------------+
; Timing Analyzer Summary                                                                                                       ;
+------------------------------+-------+---------------+-------------+---------+---------+------------+----------+--------------+
; Type                         ; Slack ; Required Time ; Actual Time ; From    ; To      ; From Clock ; To Clock ; Failed Paths ;
+------------------------------+-------+---------------+-------------+---------+---------+------------+----------+--------------+
; Worst-case tsu               ; N/A   ; None          ; 4.095 ns    ; T       ; Q$latch ; --         ; Clk      ; 0            ;
; Worst-case tco               ; N/A   ; None          ; 4.212 ns    ; Q$latch ; Q       ; Clk        ; --       ; 0            ;
; Worst-case th                ; N/A   ; None          ; -3.525 ns   ; T       ; Q$latch ; --         ; Clk      ; 0            ;
; Total number of failed paths ;       ;               ;             ;         ;         ;            ;          ; 0            ;
+------------------------------+-------+---------------+-------------+---------+---------+------------+----------+--------------+


+-----------------------------------------------------------------------------------------------------------------------------------------------------+
; Timing Analyzer Settings                                                                                                                            ;
+------------------------------------------------------------------------------------------------------+--------------------+------+----+-------------+
; Option                                                                                               ; Setting            ; From ; To ; Entity Name ;
+------------------------------------------------------------------------------------------------------+--------------------+------+----+-------------+
; Device Name                                                                                          ; EP2S15F484C3       ;      ;    ;             ;
; Timing Models                                                                                        ; Final              ;      ;    ;             ;
; Default hold multicycle                                                                              ; Same as Multicycle ;      ;    ;             ;
; Cut paths between unrelated clock domains                                                            ; On                 ;      ;    ;             ;
; Cut off read during write signal paths                                                               ; On                 ;      ;    ;             ;
; Cut off feedback from I/O pins                                                                       ; On                 ;      ;    ;             ;
; Report Combined Fast/Slow Timing                                                                     ; Off                ;      ;    ;             ;
; Ignore Clock Settings                                                                                ; Off                ;      ;    ;             ;
; Analyze latches as synchronous elements                                                              ; On                 ;      ;    ;             ;
; Enable Recovery/Removal analysis                                                                     ; Off                ;      ;    ;             ;
; Enable Clock Latency                                                                                 ; Off                ;      ;    ;             ;
; Use TimeQuest Timing Analyzer                                                                        ; Off                ;      ;    ;             ;
; Number of source nodes to report per destination node                                                ; 10                 ;      ;    ;             ;
; Number of destination nodes to report                                                                ; 10                 ;      ;    ;             ;
; Number of paths to report                                                                            ; 200                ;      ;    ;             ;
; Report Minimum Timing Checks                                                                         ; Off                ;      ;    ;             ;
; Use Fast Timing Models                                                                               ; Off                ;      ;    ;             ;
; Report IO Paths Separately                                                                           ; Off                ;      ;    ;             ;
; Perform Multicorner Analysis                                                                         ; On                 ;      ;    ;             ;
; Reports the worst-case path for each clock domain and analysis                                       ; Off                ;      ;    ;             ;
; Reports worst-case timing paths for each clock domain and analysis                                   ; Off                ;      ;    ;             ;
; Specifies the maximum number of worst-case timing paths to report for each clock domain and analysis ; 100                ;      ;    ;             ;
; Removes common clock path pessimism (CCPP) during slack computation                                  ; Off                ;      ;    ;             ;
; Output I/O Timing Endpoint                                                                           ; Near End           ;      ;    ;             ;
+------------------------------------------------------------------------------------------------------+--------------------+------+----+-------------+


+------------------------------------------------------------------------------------------------------------------------------------------------------------------------------------+
; Clock Settings Summary                                                                                                                                                             ;
+-----------------+--------------------+----------+------------------+---------------+--------------+----------+-----------------------+---------------------+--------+--------------+
; Clock Node Name ; Clock Setting Name ; Type     ; Fmax Requirement ; Early Latency ; Late Latency ; Based on ; Multiply Base Fmax by ; Divide Base Fmax by ; Offset ; Phase offset ;
+-----------------+--------------------+----------+------------------+---------------+--------------+----------+-----------------------+---------------------+--------+--------------+
; Clk             ;                    ; User Pin ; None             ; 0.000 ns      ; 0.000 ns     ; --       ; N/A                   ; N/A                 ; N/A    ;              ;
+-----------------+--------------------+----------+------------------+---------------+--------------+----------+-----------------------+---------------------+--------+--------------+


Parallel compilation was disabled, but you have multiple processors available. Enable parallel compilation to reduce compilation time.
+-------------------------------------+
; Parallel Compilation                ;
+----------------------------+--------+
; Processors                 ; Number ;
+----------------------------+--------+
; Number detected on machine ; 4      ;
; Maximum allowed            ; 1      ;
+----------------------------+--------+


+---------------------------------------------------------------+
; tsu                                                           ;
+-------+--------------+------------+------+---------+----------+
; Slack ; Required tsu ; Actual tsu ; From ; To      ; To Clock ;
+-------+--------------+------------+------+---------+----------+
; N/A   ; None         ; 4.095 ns   ; T    ; Q$latch ; Clk      ;
+-------+--------------+------------+------+---------+----------+


+---------------------------------------------------------------+
; tco                                                           ;
+-------+--------------+------------+---------+----+------------+
; Slack ; Required tco ; Actual tco ; From    ; To ; From Clock ;
+-------+--------------+------------+---------+----+------------+
; N/A   ; None         ; 4.212 ns   ; Q$latch ; Q  ; Clk        ;
+-------+--------------+------------+---------+----+------------+


+---------------------------------------------------------------------+
; th                                                                  ;
+---------------+-------------+-----------+------+---------+----------+
; Minimum Slack ; Required th ; Actual th ; From ; To      ; To Clock ;
+---------------+-------------+-----------+------+---------+----------+
; N/A           ; None        ; -3.525 ns ; T    ; Q$latch ; Clk      ;
+---------------+-------------+-----------+------+---------+----------+


+--------------------------+
; Timing Analyzer Messages ;
+--------------------------+
Info: *******************************************************************
Info: Running Quartus II Classic Timing Analyzer
    Info: Version 9.1 Build 350 03/24/2010 Service Pack 2 SJ Web Edition
    Info: Processing started: Mon Apr 18 01:18:19 2011
Info: Command: quartus_tan --read_settings_files=off --write_settings_files=off latchD -c latchD --timing_analysis_only
Warning: Timing Analysis is analyzing one or more combinational loops as latches
    Warning: Node "Q$latch" is a latch
Warning: Found pins functioning as undefined clocks and/or memory enables
    Info: Assuming node "Clk" is a latch enable. Will not compute fmax for this pin.
Info: tsu for register "Q$latch" (data pin = "T", clock pin = "Clk") is 4.095 ns
    Info: + Longest pin to register delay is 5.013 ns
        Info: 1: + IC(0.000 ns) + CELL(0.817 ns) = 0.817 ns; Loc. = PIN_H7; Fanout = 1; PIN Node = 'T'
        Info: 2: + IC(4.042 ns) + CELL(0.154 ns) = 5.013 ns; Loc. = LCCOMB_X39_Y16_N16; Fanout = 1; REG Node = 'Q$latch'
        Info: Total cell delay = 0.971 ns ( 19.37 % )
        Info: Total interconnect delay = 4.042 ns ( 80.63 % )
    Info: + Micro setup delay of destination is 0.570 ns
    Info: - Shortest clock path from clock "Clk" to destination register is 1.488 ns
        Info: 1: + IC(0.000 ns) + CELL(0.864 ns) = 0.864 ns; Loc. = PIN_M2; Fanout = 1; CLK Node = 'Clk'
        Info: 2: + IC(0.571 ns) + CELL(0.053 ns) = 1.488 ns; Loc. = LCCOMB_X39_Y16_N16; Fanout = 1; REG Node = 'Q$latch'
        Info: Total cell delay = 0.917 ns ( 61.63 % )
        Info: Total interconnect delay = 0.571 ns ( 38.37 % )
Info: tco from clock "Clk" to destination pin "Q" through register "Q$latch" is 4.212 ns
    Info: + Longest clock path from clock "Clk" to source register is 1.488 ns
        Info: 1: + IC(0.000 ns) + CELL(0.864 ns) = 0.864 ns; Loc. = PIN_M2; Fanout = 1; CLK Node = 'Clk'
        Info: 2: + IC(0.571 ns) + CELL(0.053 ns) = 1.488 ns; Loc. = LCCOMB_X39_Y16_N16; Fanout = 1; REG Node = 'Q$latch'
        Info: Total cell delay = 0.917 ns ( 61.63 % )
        Info: Total interconnect delay = 0.571 ns ( 38.37 % )
    Info: + Micro clock to output delay of source is 0.000 ns
    Info: + Longest register to pin delay is 2.724 ns
        Info: 1: + IC(0.000 ns) + CELL(0.000 ns) = 0.000 ns; Loc. = LCCOMB_X39_Y16_N16; Fanout = 1; REG Node = 'Q$latch'
        Info: 2: + IC(0.620 ns) + CELL(2.104 ns) = 2.724 ns; Loc. = PIN_L8; Fanout = 0; PIN Node = 'Q'
        Info: Total cell delay = 2.104 ns ( 77.24 % )
        Info: Total interconnect delay = 0.620 ns ( 22.76 % )
Info: th for register "Q$latch" (data pin = "T", clock pin = "Clk") is -3.525 ns
    Info: + Longest clock path from clock "Clk" to destination register is 1.488 ns
        Info: 1: + IC(0.000 ns) + CELL(0.864 ns) = 0.864 ns; Loc. = PIN_M2; Fanout = 1; CLK Node = 'Clk'
        Info: 2: + IC(0.571 ns) + CELL(0.053 ns) = 1.488 ns; Loc. = LCCOMB_X39_Y16_N16; Fanout = 1; REG Node = 'Q$latch'
        Info: Total cell delay = 0.917 ns ( 61.63 % )
        Info: Total interconnect delay = 0.571 ns ( 38.37 % )
    Info: + Micro hold delay of destination is 0.000 ns
    Info: - Shortest pin to register delay is 5.013 ns
        Info: 1: + IC(0.000 ns) + CELL(0.817 ns) = 0.817 ns; Loc. = PIN_H7; Fanout = 1; PIN Node = 'T'
        Info: 2: + IC(4.042 ns) + CELL(0.154 ns) = 5.013 ns; Loc. = LCCOMB_X39_Y16_N16; Fanout = 1; REG Node = 'Q$latch'
        Info: Total cell delay = 0.971 ns ( 19.37 % )
        Info: Total interconnect delay = 4.042 ns ( 80.63 % )
Info: Quartus II Classic Timing Analyzer was successful. 0 errors, 3 warnings
    Info: Peak virtual memory: 177 megabytes
    Info: Processing ended: Mon Apr 18 01:18:19 2011
    Info: Elapsed time: 00:00:00
    Info: Total CPU time (on all processors): 00:00:01


