Classic Timing Analyzer report for signed7seg
Thu Apr 07 00:17:21 2011
Quartus II Version 9.1 Build 304 01/25/2010 Service Pack 1 SJ Web Edition


---------------------
; Table of Contents ;
---------------------
  1. Legal Notice
  2. Timing Analyzer Summary
  3. Timing Analyzer Settings
  4. Parallel Compilation
  5. tpd
  6. Timing Analyzer Messages



----------------
; Legal Notice ;
----------------
Copyright (C) 1991-2010 Altera Corporation
Your use of Altera Corporation's design tools, logic functions 
and other software and tools, and its AMPP partner logic 
functions, and any output files from any of the foregoing 
(including device programming or simulation files), and any 
associated documentation or information are expressly subject 
to the terms and conditions of the Altera Program License 
Subscription Agreement, Altera MegaCore Function License 
Agreement, or other applicable license agreement, including, 
without limitation, that your use is for the sole purpose of 
programming logic devices manufactured by Altera and sold by 
Altera or its authorized distributors.  Please refer to the 
applicable agreement for further details.



+----------------------------------------------------------------------------------------------------------------------------+
; Timing Analyzer Summary                                                                                                    ;
+------------------------------+-------+---------------+-------------+------+---------+------------+----------+--------------+
; Type                         ; Slack ; Required Time ; Actual Time ; From ; To      ; From Clock ; To Clock ; Failed Paths ;
+------------------------------+-------+---------------+-------------+------+---------+------------+----------+--------------+
; Worst-case tpd               ; N/A   ; None          ; 8.226 ns    ; s[1] ; out1[1] ; --         ; --       ; 0            ;
; Total number of failed paths ;       ;               ;             ;      ;         ;            ;          ; 0            ;
+------------------------------+-------+---------------+-------------+------+---------+------------+----------+--------------+


+-----------------------------------------------------------------------------------------------------------------------------------------------------+
; Timing Analyzer Settings                                                                                                                            ;
+------------------------------------------------------------------------------------------------------+--------------------+------+----+-------------+
; Option                                                                                               ; Setting            ; From ; To ; Entity Name ;
+------------------------------------------------------------------------------------------------------+--------------------+------+----+-------------+
; Device Name                                                                                          ; EP2C20F484C7       ;      ;    ;             ;
; Timing Models                                                                                        ; Final              ;      ;    ;             ;
; Default hold multicycle                                                                              ; Same as Multicycle ;      ;    ;             ;
; Cut paths between unrelated clock domains                                                            ; On                 ;      ;    ;             ;
; Cut off read during write signal paths                                                               ; On                 ;      ;    ;             ;
; Cut off feedback from I/O pins                                                                       ; On                 ;      ;    ;             ;
; Report Combined Fast/Slow Timing                                                                     ; Off                ;      ;    ;             ;
; Ignore Clock Settings                                                                                ; Off                ;      ;    ;             ;
; Analyze latches as synchronous elements                                                              ; On                 ;      ;    ;             ;
; Enable Recovery/Removal analysis                                                                     ; Off                ;      ;    ;             ;
; Enable Clock Latency                                                                                 ; Off                ;      ;    ;             ;
; Use TimeQuest Timing Analyzer                                                                        ; Off                ;      ;    ;             ;
; Minimum Core Junction Temperature                                                                    ; 0                  ;      ;    ;             ;
; Maximum Core Junction Temperature                                                                    ; 85                 ;      ;    ;             ;
; Number of source nodes to report per destination node                                                ; 10                 ;      ;    ;             ;
; Number of destination nodes to report                                                                ; 10                 ;      ;    ;             ;
; Number of paths to report                                                                            ; 200                ;      ;    ;             ;
; Report Minimum Timing Checks                                                                         ; Off                ;      ;    ;             ;
; Use Fast Timing Models                                                                               ; Off                ;      ;    ;             ;
; Report IO Paths Separately                                                                           ; Off                ;      ;    ;             ;
; Perform Multicorner Analysis                                                                         ; On                 ;      ;    ;             ;
; Reports the worst-case path for each clock domain and analysis                                       ; Off                ;      ;    ;             ;
; Reports worst-case timing paths for each clock domain and analysis                                   ; On                 ;      ;    ;             ;
; Specifies the maximum number of worst-case timing paths to report for each clock domain and analysis ; 100                ;      ;    ;             ;
; Removes common clock path pessimism (CCPP) during slack computation                                  ; Off                ;      ;    ;             ;
; Output I/O Timing Endpoint                                                                           ; Near End           ;      ;    ;             ;
+------------------------------------------------------------------------------------------------------+--------------------+------+----+-------------+


Parallel compilation was disabled, but you have multiple processors available. Enable parallel compilation to reduce compilation time.
+-------------------------------------+
; Parallel Compilation                ;
+----------------------------+--------+
; Processors                 ; Number ;
+----------------------------+--------+
; Number detected on machine ; 4      ;
; Maximum allowed            ; 1      ;
+----------------------------+--------+


+--------------------------------------------------------------+
; tpd                                                          ;
+-------+-------------------+-----------------+------+---------+
; Slack ; Required P2P Time ; Actual P2P Time ; From ; To      ;
+-------+-------------------+-----------------+------+---------+
; N/A   ; None              ; 8.226 ns        ; s[1] ; out1[1] ;
; N/A   ; None              ; 8.131 ns        ; s[0] ; out1[1] ;
; N/A   ; None              ; 7.978 ns        ; s[1] ; out1[2] ;
; N/A   ; None              ; 7.950 ns        ; s[1] ; out1[3] ;
; N/A   ; None              ; 7.931 ns        ; s[2] ; out1[1] ;
; N/A   ; None              ; 7.929 ns        ; s[1] ; out1[0] ;
; N/A   ; None              ; 7.882 ns        ; s[0] ; out1[3] ;
; N/A   ; None              ; 7.863 ns        ; s[0] ; out1[0] ;
; N/A   ; None              ; 7.822 ns        ; s[0] ; out1[2] ;
; N/A   ; None              ; 7.686 ns        ; s[2] ; out1[3] ;
; N/A   ; None              ; 7.686 ns        ; s[2] ; out1[2] ;
; N/A   ; None              ; 7.667 ns        ; s[2] ; out1[0] ;
; N/A   ; None              ; 7.651 ns        ; s[1] ; out1[6] ;
; N/A   ; None              ; 7.649 ns        ; s[1] ; out1[5] ;
; N/A   ; None              ; 7.647 ns        ; s[1] ; out1[4] ;
; N/A   ; None              ; 7.599 ns        ; s[3] ; out1[1] ;
; N/A   ; None              ; 7.561 ns        ; s[0] ; out1[4] ;
; N/A   ; None              ; 7.560 ns        ; s[0] ; out1[5] ;
; N/A   ; None              ; 7.559 ns        ; s[0] ; out1[6] ;
; N/A   ; None              ; 7.358 ns        ; s[2] ; out1[6] ;
; N/A   ; None              ; 7.358 ns        ; s[2] ; out1[5] ;
; N/A   ; None              ; 7.356 ns        ; s[2] ; out1[4] ;
; N/A   ; None              ; 7.352 ns        ; s[3] ; out1[2] ;
; N/A   ; None              ; 7.335 ns        ; s[3] ; out1[0] ;
; N/A   ; None              ; 7.023 ns        ; s[3] ; out1[5] ;
; N/A   ; None              ; 7.022 ns        ; s[3] ; out1[6] ;
; N/A   ; None              ; 6.150 ns        ; s[3] ; out2[6] ;
+-------+-------------------+-----------------+------+---------+


+--------------------------+
; Timing Analyzer Messages ;
+--------------------------+
Info: *******************************************************************
Info: Running Quartus II Classic Timing Analyzer
    Info: Version 9.1 Build 304 01/25/2010 Service Pack 1 SJ Web Edition
    Info: Processing started: Thu Apr 07 00:17:21 2011
Info: Command: quartus_tan --read_settings_files=off --write_settings_files=off signed7seg -c signed7seg --timing_analysis_only
Info: Longest tpd from source pin "s[1]" to destination pin "out1[1]" is 8.226 ns
    Info: 1: + IC(0.000 ns) + CELL(1.026 ns) = 1.026 ns; Loc. = PIN_L21; Fanout = 7; PIN Node = 's[1]'
    Info: 2: + IC(2.713 ns) + CELL(0.545 ns) = 4.284 ns; Loc. = LCCOMB_X1_Y20_N26; Fanout = 1; COMB Node = 'Mux5~0'
    Info: 3: + IC(1.102 ns) + CELL(2.840 ns) = 8.226 ns; Loc. = PIN_J1; Fanout = 0; PIN Node = 'out1[1]'
    Info: Total cell delay = 4.411 ns ( 53.62 % )
    Info: Total interconnect delay = 3.815 ns ( 46.38 % )
Info: Quartus II Classic Timing Analyzer was successful. 0 errors, 0 warnings
    Info: Peak virtual memory: 128 megabytes
    Info: Processing ended: Thu Apr 07 00:17:21 2011
    Info: Elapsed time: 00:00:00
    Info: Total CPU time (on all processors): 00:00:00


